2019-10-11 08:06:53.039  INFO 2128 --- [main] com.xh.lesson.CompanyFrameApplication    : Starting CompanyFrameApplication on PC-20170524XZPH with PID 2128 (H:\Business\workspace\company-frame\target\classes started by Administrator in H:\Business\workspace\company-frame)
2019-10-11 08:06:53.066  INFO 2128 --- [main] com.xh.lesson.CompanyFrameApplication    : No active profile set, falling back to default profiles: default
2019-10-11 08:06:56.510  INFO 2128 --- [main] .s.d.r.c.RepositoryConfigurationDelegate : Multiple Spring Data modules found, entering strict repository configuration mode!
2019-10-11 08:06:56.516  INFO 2128 --- [main] .s.d.r.c.RepositoryConfigurationDelegate : Bootstrapping Spring Data repositories in DEFAULT mode.
2019-10-11 08:06:56.636  INFO 2128 --- [main] .s.d.r.c.RepositoryConfigurationDelegate : Finished Spring Data repository scanning in 58ms. Found 0 repository interfaces.
2019-10-11 08:06:57.133  INFO 2128 --- [main] trationDelegate$BeanPostProcessorChecker : Bean 'shiroConfig' of type [com.xh.lesson.config.ShiroConfig$$EnhancerBySpringCGLIB$$16a46aa7] is not eligible for getting processed by all BeanPostProcessors (for example: not eligible for auto-proxying)
2019-10-11 08:06:57.795  INFO 2128 --- [main] trationDelegate$BeanPostProcessorChecker : Bean 'redisConfig' of type [com.xh.lesson.config.RedisConfig$$EnhancerBySpringCGLIB$$6172f1f1] is not eligible for getting processed by all BeanPostProcessors (for example: not eligible for auto-proxying)
2019-10-11 08:06:57.851  INFO 2128 --- [main] trationDelegate$BeanPostProcessorChecker : Bean 'spring.redis-org.springframework.boot.autoconfigure.data.redis.RedisProperties' of type [org.springframework.boot.autoconfigure.data.redis.RedisProperties] is not eligible for getting processed by all BeanPostProcessors (for example: not eligible for auto-proxying)
2019-10-11 08:06:57.856  INFO 2128 --- [main] trationDelegate$BeanPostProcessorChecker : Bean 'org.springframework.boot.autoconfigure.data.redis.LettuceConnectionConfiguration' of type [org.springframework.boot.autoconfigure.data.redis.LettuceConnectionConfiguration$$EnhancerBySpringCGLIB$$9bedfc00] is not eligible for getting processed by all BeanPostProcessors (for example: not eligible for auto-proxying)
2019-10-11 08:06:58.507  INFO 2128 --- [main] trationDelegate$BeanPostProcessorChecker : Bean 'lettuceClientResources' of type [io.lettuce.core.resource.DefaultClientResources] is not eligible for getting processed by all BeanPostProcessors (for example: not eligible for auto-proxying)
2019-10-11 08:06:59.608  INFO 2128 --- [main] trationDelegate$BeanPostProcessorChecker : Bean 'redisConnectionFactory' of type [org.springframework.data.redis.connection.lettuce.LettuceConnectionFactory] is not eligible for getting processed by all BeanPostProcessors (for example: not eligible for auto-proxying)
2019-10-11 08:06:59.629  INFO 2128 --- [main] trationDelegate$BeanPostProcessorChecker : Bean 'redisTemplate' of type [org.springframework.data.redis.core.RedisTemplate] is not eligible for getting processed by all BeanPostProcessors (for example: not eligible for auto-proxying)
2019-10-11 08:06:59.630  INFO 2128 --- [main] trationDelegate$BeanPostProcessorChecker : Bean 'redisService' of type [com.xh.lesson.service.RedisService] is not eligible for getting processed by all BeanPostProcessors (for example: not eligible for auto-proxying)
2019-10-11 08:06:59.631  INFO 2128 --- [main] trationDelegate$BeanPostProcessorChecker : Bean 'customHashedCredentialsMatcher' of type [com.xh.lesson.shiro.CustomHashedCredentialsMatcher] is not eligible for getting processed by all BeanPostProcessors (for example: not eligible for auto-proxying)
2019-10-11 08:06:59.634  INFO 2128 --- [main] trationDelegate$BeanPostProcessorChecker : Bean 'redisCacheManager' of type [com.xh.lesson.shiro.RedisCacheManager] is not eligible for getting processed by all BeanPostProcessors (for example: not eligible for auto-proxying)
2019-10-11 08:06:59.710  INFO 2128 --- [main] trationDelegate$BeanPostProcessorChecker : Bean 'customRealm' of type [com.xh.lesson.shiro.CustomRealm] is not eligible for getting processed by all BeanPostProcessors (for example: not eligible for auto-proxying)
2019-10-11 08:06:59.715  INFO 2128 --- [main] trationDelegate$BeanPostProcessorChecker : Bean 'securityManager' of type [org.apache.shiro.web.mgt.DefaultWebSecurityManager] is not eligible for getting processed by all BeanPostProcessors (for example: not eligible for auto-proxying)
2019-10-11 08:06:59.810  INFO 2128 --- [main] trationDelegate$BeanPostProcessorChecker : Bean 'authorizationAttributeSourceAdvisor' of type [org.apache.shiro.spring.security.interceptor.AuthorizationAttributeSourceAdvisor] is not eligible for getting processed by all BeanPostProcessors (for example: not eligible for auto-proxying)
2019-10-11 08:06:59.972  INFO 2128 --- [main] trationDelegate$BeanPostProcessorChecker : Bean 'org.springframework.transaction.annotation.ProxyTransactionManagementConfiguration' of type [org.springframework.transaction.annotation.ProxyTransactionManagementConfiguration$$EnhancerBySpringCGLIB$$86d43db6] is not eligible for getting processed by all BeanPostProcessors (for example: not eligible for auto-proxying)
2019-10-11 08:07:00.477 ERROR 2128 --- [main] o.a.catalina.core.AprLifecycleListener   : An incompatible version [1.2.12] of the APR based Apache Tomcat Native library is installed, while Tomcat requires version [1.2.14]
2019-10-11 08:07:00.843 ERROR 2128 --- [main] o.a.catalina.core.AprLifecycleListener   : An incompatible version [1.2.12] of the APR based Apache Tomcat Native library is installed, while Tomcat requires version [1.2.14]
2019-10-11 08:07:01.027  INFO 2128 --- [main] o.s.b.w.embedded.tomcat.TomcatWebServer  : Tomcat initialized with port(s): 8080 (http)
2019-10-11 08:07:01.047 ERROR 2128 --- [main] o.a.catalina.core.AprLifecycleListener   : An incompatible version [1.2.12] of the APR based Apache Tomcat Native library is installed, while Tomcat requires version [1.2.14]
2019-10-11 08:07:01.062  INFO 2128 --- [main] o.apache.catalina.core.StandardService   : Starting service [Tomcat]
2019-10-11 08:07:01.063  INFO 2128 --- [main] org.apache.catalina.core.StandardEngine  : Starting Servlet engine: [Apache Tomcat/9.0.22]
2019-10-11 08:07:01.246  INFO 2128 --- [main] o.a.c.c.C.[Tomcat].[localhost].[/]       : Initializing Spring embedded WebApplicationContext
2019-10-11 08:07:01.246  INFO 2128 --- [main] o.s.web.context.ContextLoader            : Root WebApplicationContext: initialization completed in 8017 ms
2019-10-11 08:07:01.569  INFO 2128 --- [main] c.a.d.s.b.a.DruidDataSourceAutoConfigure : Init DruidDataSource
2019-10-11 08:07:02.596  INFO 2128 --- [main] com.alibaba.druid.pool.DruidDataSource   : {dataSource-1} inited
2019-10-11 08:07:04.746  INFO 2128 --- [main] pertySourcedRequestMappingHandlerMapping : Mapped URL path [/v2/api-docs] onto method [public org.springframework.http.ResponseEntity<springfox.documentation.spring.web.json.Json> springfox.documentation.swagger2.web.Swagger2Controller.getDocumentation(java.lang.String,javax.servlet.http.HttpServletRequest)]
2019-10-11 08:07:05.222  INFO 2128 --- [main] o.s.s.concurrent.ThreadPoolTaskExecutor  : Initializing ExecutorService 'applicationTaskExecutor'
2019-10-11 08:07:06.785  INFO 2128 --- [main] d.s.w.p.DocumentationPluginsBootstrapper : Context refreshed
2019-10-11 08:07:06.863  INFO 2128 --- [main] d.s.w.p.DocumentationPluginsBootstrapper : Found 1 custom documentation plugin(s)
2019-10-11 08:07:07.019  INFO 2128 --- [main] s.d.s.w.s.ApiListingReferenceScanner     : Scanning for api listing references
2019-10-11 08:07:07.798  INFO 2128 --- [main] .d.s.w.r.o.CachingOperationNameGenerator : Generating unique operation named: deletedUsingDELETE_1
2019-10-11 08:07:07.801  INFO 2128 --- [main] .d.s.w.r.o.CachingOperationNameGenerator : Generating unique operation named: detailInfoUsingGET_1
2019-10-11 08:07:07.808  INFO 2128 --- [main] .d.s.w.r.o.CachingOperationNameGenerator : Generating unique operation named: pageInfoUsingPOST_1
2019-10-11 08:07:07.824  INFO 2128 --- [main] .d.s.w.r.o.CachingOperationNameGenerator : Generating unique operation named: deletedUsingDELETE_2
2019-10-11 08:07:07.826  INFO 2128 --- [main] .d.s.w.r.o.CachingOperationNameGenerator : Generating unique operation named: detailInfoUsingGET_2
2019-10-11 08:07:07.827  INFO 2128 --- [main] .d.s.w.r.o.CachingOperationNameGenerator : Generating unique operation named: pageInfoUsingPOST_2
2019-10-11 08:07:07.827  INFO 2128 --- [main] .d.s.w.r.o.CachingOperationNameGenerator : Generating unique operation named: updateDeptUsingPUT_1
2019-10-11 08:07:07.843  INFO 2128 --- [main] .d.s.w.r.o.CachingOperationNameGenerator : Generating unique operation named: pageInfoUsingPOST_3
2019-10-11 08:07:07.858  INFO 2128 --- [main] .d.s.w.r.o.CachingOperationNameGenerator : Generating unique operation named: detailInfoUsingGET_3
2019-10-11 08:07:07.874  INFO 2128 --- [main] .d.s.w.r.o.CachingOperationNameGenerator : Generating unique operation named: pageInfoUsingPOST_4
2019-10-11 08:07:08.044  INFO 2128 --- [main] o.s.b.w.embedded.tomcat.TomcatWebServer  : Tomcat started on port(s): 8080 (http) with context path ''
2019-10-11 08:07:08.044  INFO 2128 --- [main] com.xh.lesson.CompanyFrameApplication    : Started CompanyFrameApplication in 16.273 seconds (JVM running for 20.309)
2019-10-11 08:09:07.254  INFO 3776 --- [main] com.xh.lesson.CompanyFrameApplication    : Starting CompanyFrameApplication on PC-20170524XZPH with PID 3776 (started by Administrator in H:\tb\spring boot project\company-frame)
2019-10-11 08:09:07.270  INFO 3776 --- [main] com.xh.lesson.CompanyFrameApplication    : No active profile set, falling back to default profiles: default
2019-10-11 08:09:08.708  INFO 3776 --- [main] .s.d.r.c.RepositoryConfigurationDelegate : Multiple Spring Data modules found, entering strict repository configuration mode!
2019-10-11 08:09:08.708  INFO 3776 --- [main] .s.d.r.c.RepositoryConfigurationDelegate : Bootstrapping Spring Data repositories in DEFAULT mode.
2019-10-11 08:09:08.771  INFO 3776 --- [main] .s.d.r.c.RepositoryConfigurationDelegate : Finished Spring Data repository scanning in 47ms. Found 0 repository interfaces.
2019-10-11 08:09:09.052  INFO 3776 --- [main] trationDelegate$BeanPostProcessorChecker : Bean 'shiroConfig' of type [com.xh.lesson.config.ShiroConfig$$EnhancerBySpringCGLIB$$9fe2ad5a] is not eligible for getting processed by all BeanPostProcessors (for example: not eligible for auto-proxying)
2019-10-11 08:09:09.434  INFO 3776 --- [main] trationDelegate$BeanPostProcessorChecker : Bean 'redisConfig' of type [com.xh.lesson.config.RedisConfig$$EnhancerBySpringCGLIB$$eab134a4] is not eligible for getting processed by all BeanPostProcessors (for example: not eligible for auto-proxying)
2019-10-11 08:09:09.471  INFO 3776 --- [main] trationDelegate$BeanPostProcessorChecker : Bean 'spring.redis-org.springframework.boot.autoconfigure.data.redis.RedisProperties' of type [org.springframework.boot.autoconfigure.data.redis.RedisProperties] is not eligible for getting processed by all BeanPostProcessors (for example: not eligible for auto-proxying)
2019-10-11 08:09:09.481  INFO 3776 --- [main] trationDelegate$BeanPostProcessorChecker : Bean 'org.springframework.boot.autoconfigure.data.redis.LettuceConnectionConfiguration' of type [org.springframework.boot.autoconfigure.data.redis.LettuceConnectionConfiguration$$EnhancerBySpringCGLIB$$252c3eb3] is not eligible for getting processed by all BeanPostProcessors (for example: not eligible for auto-proxying)
2019-10-11 08:09:09.599  INFO 3776 --- [main] trationDelegate$BeanPostProcessorChecker : Bean 'lettuceClientResources' of type [io.lettuce.core.resource.DefaultClientResources] is not eligible for getting processed by all BeanPostProcessors (for example: not eligible for auto-proxying)
2019-10-11 08:09:09.699  INFO 3776 --- [main] trationDelegate$BeanPostProcessorChecker : Bean 'redisConnectionFactory' of type [org.springframework.data.redis.connection.lettuce.LettuceConnectionFactory] is not eligible for getting processed by all BeanPostProcessors (for example: not eligible for auto-proxying)
2019-10-11 08:09:09.723  INFO 3776 --- [main] trationDelegate$BeanPostProcessorChecker : Bean 'redisTemplate' of type [org.springframework.data.redis.core.RedisTemplate] is not eligible for getting processed by all BeanPostProcessors (for example: not eligible for auto-proxying)
2019-10-11 08:09:09.726  INFO 3776 --- [main] trationDelegate$BeanPostProcessorChecker : Bean 'redisService' of type [com.xh.lesson.service.RedisService] is not eligible for getting processed by all BeanPostProcessors (for example: not eligible for auto-proxying)
2019-10-11 08:09:09.727  INFO 3776 --- [main] trationDelegate$BeanPostProcessorChecker : Bean 'customHashedCredentialsMatcher' of type [com.xh.lesson.shiro.CustomHashedCredentialsMatcher] is not eligible for getting processed by all BeanPostProcessors (for example: not eligible for auto-proxying)
2019-10-11 08:09:09.731  INFO 3776 --- [main] trationDelegate$BeanPostProcessorChecker : Bean 'redisCacheManager' of type [com.xh.lesson.shiro.RedisCacheManager] is not eligible for getting processed by all BeanPostProcessors (for example: not eligible for auto-proxying)
2019-10-11 08:09:09.775  INFO 3776 --- [main] trationDelegate$BeanPostProcessorChecker : Bean 'customRealm' of type [com.xh.lesson.shiro.CustomRealm] is not eligible for getting processed by all BeanPostProcessors (for example: not eligible for auto-proxying)
2019-10-11 08:09:09.780  INFO 3776 --- [main] trationDelegate$BeanPostProcessorChecker : Bean 'securityManager' of type [org.apache.shiro.web.mgt.DefaultWebSecurityManager] is not eligible for getting processed by all BeanPostProcessors (for example: not eligible for auto-proxying)
2019-10-11 08:09:09.836  INFO 3776 --- [main] trationDelegate$BeanPostProcessorChecker : Bean 'authorizationAttributeSourceAdvisor' of type [org.apache.shiro.spring.security.interceptor.AuthorizationAttributeSourceAdvisor] is not eligible for getting processed by all BeanPostProcessors (for example: not eligible for auto-proxying)
2019-10-11 08:09:09.902  INFO 3776 --- [main] trationDelegate$BeanPostProcessorChecker : Bean 'org.springframework.transaction.annotation.ProxyTransactionManagementConfiguration' of type [org.springframework.transaction.annotation.ProxyTransactionManagementConfiguration$$EnhancerBySpringCGLIB$$10128069] is not eligible for getting processed by all BeanPostProcessors (for example: not eligible for auto-proxying)
2019-10-11 08:09:10.197 ERROR 3776 --- [main] o.a.catalina.core.AprLifecycleListener   : An incompatible version [1.2.12] of the APR based Apache Tomcat Native library is installed, while Tomcat requires version [1.2.14]
2019-10-11 08:09:10.494 ERROR 3776 --- [main] o.a.catalina.core.AprLifecycleListener   : An incompatible version [1.2.12] of the APR based Apache Tomcat Native library is installed, while Tomcat requires version [1.2.14]
2019-10-11 08:09:10.590  INFO 3776 --- [main] o.s.b.w.embedded.tomcat.TomcatWebServer  : Tomcat initialized with port(s): 8080 (http)
2019-10-11 08:09:10.607 ERROR 3776 --- [main] o.a.catalina.core.AprLifecycleListener   : An incompatible version [1.2.12] of the APR based Apache Tomcat Native library is installed, while Tomcat requires version [1.2.14]
2019-10-11 08:09:10.621  INFO 3776 --- [main] o.apache.catalina.core.StandardService   : Starting service [Tomcat]
2019-10-11 08:09:10.621  INFO 3776 --- [main] org.apache.catalina.core.StandardEngine  : Starting Servlet engine: [Apache Tomcat/9.0.22]
2019-10-11 08:09:10.785  INFO 3776 --- [main] o.a.c.c.C.[Tomcat].[localhost].[/]       : Initializing Spring embedded WebApplicationContext
2019-10-11 08:09:10.786  INFO 3776 --- [main] o.s.web.context.ContextLoader            : Root WebApplicationContext: initialization completed in 3395 ms
2019-10-11 08:09:11.014  INFO 3776 --- [main] c.a.d.s.b.a.DruidDataSourceAutoConfigure : Init DruidDataSource
2019-10-11 08:09:11.537  INFO 3776 --- [main] com.alibaba.druid.pool.DruidDataSource   : {dataSource-1} inited
2019-10-11 08:09:13.103  INFO 3776 --- [main] pertySourcedRequestMappingHandlerMapping : Mapped URL path [/v2/api-docs] onto method [public org.springframework.http.ResponseEntity<springfox.documentation.spring.web.json.Json> springfox.documentation.swagger2.web.Swagger2Controller.getDocumentation(java.lang.String,javax.servlet.http.HttpServletRequest)]
2019-10-11 08:09:13.486  INFO 3776 --- [main] o.s.s.concurrent.ThreadPoolTaskExecutor  : Initializing ExecutorService 'applicationTaskExecutor'
2019-10-11 08:09:14.275  INFO 3776 --- [main] d.s.w.p.DocumentationPluginsBootstrapper : Context refreshed
2019-10-11 08:09:14.296  INFO 3776 --- [main] d.s.w.p.DocumentationPluginsBootstrapper : Found 1 custom documentation plugin(s)
2019-10-11 08:09:14.349  INFO 3776 --- [main] s.d.s.w.s.ApiListingReferenceScanner     : Scanning for api listing references
2019-10-11 08:09:14.583  INFO 3776 --- [main] .d.s.w.r.o.CachingOperationNameGenerator : Generating unique operation named: deletedUsingDELETE_1
2019-10-11 08:09:14.586  INFO 3776 --- [main] .d.s.w.r.o.CachingOperationNameGenerator : Generating unique operation named: detailInfoUsingGET_1
2019-10-11 08:09:14.598  INFO 3776 --- [main] .d.s.w.r.o.CachingOperationNameGenerator : Generating unique operation named: pageInfoUsingPOST_1
2019-10-11 08:09:14.616  INFO 3776 --- [main] .d.s.w.r.o.CachingOperationNameGenerator : Generating unique operation named: deletedUsingDELETE_2
2019-10-11 08:09:14.618  INFO 3776 --- [main] .d.s.w.r.o.CachingOperationNameGenerator : Generating unique operation named: detailInfoUsingGET_2
2019-10-11 08:09:14.629  INFO 3776 --- [main] .d.s.w.r.o.CachingOperationNameGenerator : Generating unique operation named: pageInfoUsingPOST_2
2019-10-11 08:09:14.635  INFO 3776 --- [main] .d.s.w.r.o.CachingOperationNameGenerator : Generating unique operation named: updateDeptUsingPUT_1
2019-10-11 08:09:14.656  INFO 3776 --- [main] .d.s.w.r.o.CachingOperationNameGenerator : Generating unique operation named: pageInfoUsingPOST_3
2019-10-11 08:09:14.679  INFO 3776 --- [main] .d.s.w.r.o.CachingOperationNameGenerator : Generating unique operation named: detailInfoUsingGET_3
2019-10-11 08:09:14.696  INFO 3776 --- [main] .d.s.w.r.o.CachingOperationNameGenerator : Generating unique operation named: pageInfoUsingPOST_4
2019-10-11 08:09:14.770  INFO 3776 --- [main] o.s.b.w.embedded.tomcat.TomcatWebServer  : Tomcat started on port(s): 8080 (http) with context path ''
2019-10-11 08:09:14.775  INFO 3776 --- [main] com.xh.lesson.CompanyFrameApplication    : Started CompanyFrameApplication in 8.293 seconds (JVM running for 9.408)
2019-10-11 08:09:42.522  INFO 3776 --- [http-nio-8080-exec-1] o.a.c.c.C.[Tomcat].[localhost].[/]       : Initializing Spring DispatcherServlet 'dispatcherServlet'
2019-10-11 08:09:42.522  INFO 3776 --- [http-nio-8080-exec-1] o.s.web.servlet.DispatcherServlet        : Initializing Servlet 'dispatcherServlet'
2019-10-11 08:09:42.539  INFO 3776 --- [http-nio-8080-exec-1] o.s.web.servlet.DispatcherServlet        : Completed initialization in 17 ms
